This is XeTeX, Version 3.141592653-2.6-0.999995 (MiKTeX 24.1) (preloaded format=xelatex 2024.4.28)  16 MAY 2024 11:27
entering extended mode
 restricted \write18 enabled.
 %&-line parsing enabled.
**./main.tex
(main.tex
LaTeX2e <2023-11-01> patch level 1
L3 programming layer <2024-01-04>
(setup.tex (C:\Program Files\MiKTeX\tex/latex/base\article.cls
Document Class: article 2023/05/17 v1.4n Standard LaTeX document class
(C:\Program Files\MiKTeX\tex/latex/base\size10.clo
File: size10.clo 2023/05/17 v1.4n Standard LaTeX file (size option)
)
\c@part=\count183
\c@section=\count184
\c@subsection=\count185
\c@subsubsection=\count186
\c@paragraph=\count187
\c@subparagraph=\count188
\c@figure=\count189
\c@table=\count190
\abovecaptionskip=\skip48
\belowcaptionskip=\skip49
\bibindent=\dimen140
)
(C:\Users\Ярослав\AppData\Roaming\MiKTeX\tex/latex/extsizes\extsizes.sty
Package: extsizes 1996/10/08 v1.0 Non Standard LaTeX Package


Package ExtSizes Warning: It is better to use one of the extsizes classes,
 if you can.

(C:\Users\Ярослав\AppData\Roaming\MiKTeX\tex/latex/extsizes\size14.clo
File: size14.clo 1999/11/11 v1.4a NON-Standard LaTeX file (size option)
))
(C:\Program Files\MiKTeX\tex/generic/babel\babel.sty
Package: babel 2024/01/07 v24.1 The Babel package
\babel@savecnt=\count191
\U@D=\dimen141
\l@unhyphenated=\language79

(C:\Program Files\MiKTeX\tex/generic/babel\xebabel.def)
\bbl@readstream=\read2
\bbl@dirlevel=\count192

*************************************
* Local config file bblopts.cfg used
*
(C:\Program Files\MiKTeX\tex/latex/arabi\bblopts.cfg
File: bblopts.cfg 2005/09/08 v0.1 add Arabic and Farsi to "declared" options of
 babel
)
(C:\Program Files\MiKTeX\tex/latex/babel-english\english.ldf
Language: english 2017/06/06 v3.3r English support from the babel system
Package babel Info: Hyphen rules for 'canadian' set to \l@english
(babel)             (\language0). Reported on input line 102.
Package babel Info: Hyphen rules for 'australian' set to \l@ukenglish
(babel)             (\language73). Reported on input line 105.
Package babel Info: Hyphen rules for 'newzealand' set to \l@ukenglish
(babel)             (\language73). Reported on input line 108.
)
(C:\Users\Ярослав\AppData\Roaming\MiKTeX\tex/latex/babel-russian\russianb.ldf
File: russianb.ldf 2021/01/10 1.3m Russian support for the Babel system
Language: russian 2020/09/09 1.3k Russian support for the Babel system
Package babel Info: Making " an active character on input line 124.
Package babel Info: Default for \cyrdash is provided on input line 163.
)) (C:\Program Files\MiKTeX\tex/generic/babel/locale/ru\babel-russian.tex
Package babel Info: Importing font and identification data for russian
(babel)             from babel-ru.ini. Reported on input line 11.
)
(C:\Program Files\MiKTeX\tex/generic/babel/locale/en\babel-english.tex
Package babel Info: Importing font and identification data for english
(babel)             from babel-en.ini. Reported on input line 11.
)
(C:\Program Files\MiKTeX\tex/latex/graphics\graphicx.sty
Package: graphicx 2021/09/16 v1.2d Enhanced LaTeX Graphics (DPC,SPQR)

(C:\Program Files\MiKTeX\tex/latex/graphics\keyval.sty
Package: keyval 2022/05/29 v1.15 key=value parser (DPC)
\KV@toks@=\toks17
)
(C:\Program Files\MiKTeX\tex/latex/graphics\graphics.sty
Package: graphics 2022/03/10 v1.4e Standard LaTeX Graphics (DPC,SPQR)

(C:\Program Files\MiKTeX\tex/latex/graphics\trig.sty
Package: trig 2021/08/11 v1.11 sin cos tan (DPC)
)
(C:\Program Files\MiKTeX\tex/latex/graphics-cfg\graphics.cfg
File: graphics.cfg 2016/06/04 v1.11 sample graphics configuration
)
Package graphics Info: Driver file: xetex.def on input line 107.

(C:\Program Files\MiKTeX\tex/latex/graphics-def\xetex.def
File: xetex.def 2022/09/22 v5.0n Graphics/color driver for xetex
))
\Gin@req@height=\dimen142
\Gin@req@width=\dimen143
)
(C:\Program Files\MiKTeX\tex/latex/fontspec\fontspec.sty
(C:\Program Files\MiKTeX\tex/latex/l3packages/xparse\xparse.sty
(C:\Program Files\MiKTeX\tex/latex/l3kernel\expl3.sty
Package: expl3 2024-01-04 L3 programming layer (loader) 

(C:\Program Files\MiKTeX\tex/latex/l3backend\l3backend-xetex.def
File: l3backend-xetex.def 2024-01-04 L3 backend support: XeTeX
\g__graphics_track_int=\count193
\l__pdf_internal_box=\box51
\g__pdf_backend_object_int=\count194
\g__pdf_backend_annotation_int=\count195
\g__pdf_backend_link_int=\count196
))
Package: xparse 2023-10-10 L3 Experimental document command parser
)
Package: fontspec 2022/01/15 v2.8a Font selection for XeLaTeX and LuaLaTeX

(C:\Program Files\MiKTeX\tex/latex/fontspec\fontspec-xetex.sty
Package: fontspec-xetex 2022/01/15 v2.8a Font selection for XeLaTeX and LuaLaTe
X
\l__fontspec_script_int=\count197
\l__fontspec_language_int=\count198
\l__fontspec_strnum_int=\count199
\l__fontspec_tmp_int=\count266
\l__fontspec_tmpa_int=\count267
\l__fontspec_tmpb_int=\count268
\l__fontspec_tmpc_int=\count269
\l__fontspec_em_int=\count270
\l__fontspec_emdef_int=\count271
\l__fontspec_strong_int=\count272
\l__fontspec_strongdef_int=\count273
\l__fontspec_tmpa_dim=\dimen144
\l__fontspec_tmpb_dim=\dimen145
\l__fontspec_tmpc_dim=\dimen146

(C:\Program Files\MiKTeX\tex/latex/base\fontenc.sty
Package: fontenc 2021/04/29 v2.0v Standard LaTeX package
)
(C:\Program Files\MiKTeX\tex/latex/fontspec\fontspec.cfg)))

Package fontspec Info: Font family 'TimesNewRoman(0)' created for font 'Times
(fontspec)             New Roman' with options [Ligatures=TeX].
(fontspec)              
(fontspec)              This font family consists of the following NFSS
(fontspec)             series/shapes:
(fontspec)              
(fontspec)             - 'normal' (m/n) with NFSS spec.: <->"Times New
(fontspec)             Roman/OT:script=latn;language=dflt;mapping=tex-text;"
(fontspec)             - 'small caps'  (m/sc) with NFSS spec.: <->"Times New
(fontspec)             Roman/OT:script=latn;language=dflt;+smcp;mapping=tex-tex
t;"
(fontspec)             - 'bold' (b/n) with NFSS spec.: <->"Times New
(fontspec)             Roman/B/OT:script=latn;language=dflt;mapping=tex-text;"
(fontspec)             - 'bold small caps'  (b/sc) with NFSS spec.: <->"Times
(fontspec)             New
(fontspec)             Roman/B/OT:script=latn;language=dflt;+smcp;mapping=tex-t
ext;"
(fontspec)             - 'italic' (m/it) with NFSS spec.: <->"Times New
(fontspec)             Roman/I/OT:script=latn;language=dflt;mapping=tex-text;"
(fontspec)             - 'italic small caps'  (m/scit) with NFSS spec.:
(fontspec)             <->"Times New
(fontspec)             Roman/I/OT:script=latn;language=dflt;+smcp;mapping=tex-t
ext;"
(fontspec)             - 'bold italic' (b/it) with NFSS spec.: <->"Times New
(fontspec)             Roman/BI/OT:script=latn;language=dflt;mapping=tex-text;"

(fontspec)             - 'bold italic small caps'  (b/scit) with NFSS spec.:
(fontspec)             <->"Times New
(fontspec)             Roman/BI/OT:script=latn;language=dflt;+smcp;mapping=tex-
text;"


(C:\Program Files\MiKTeX\tex/latex/tools\indentfirst.sty
Package: indentfirst 2023/07/02 v1.03 Indent first paragraph (DPC)
)
(C:\Users\Ярослав\AppData\Roaming\MiKTeX\tex/latex/geometry\geometry.sty
Package: geometry 2020/01/02 v5.9 Page Geometry

(C:\Program Files\MiKTeX\tex/generic/iftex\ifvtex.sty
Package: ifvtex 2019/10/25 v1.7 ifvtex legacy package. Use iftex instead.

(C:\Program Files\MiKTeX\tex/generic/iftex\iftex.sty
Package: iftex 2022/02/03 v1.0f TeX engine tests
))
\Gm@cnth=\count274
\Gm@cntv=\count275
\c@Gm@tempcnt=\count276
\Gm@bindingoffset=\dimen147
\Gm@wd@mp=\dimen148
\Gm@odd@mp=\dimen149
\Gm@even@mp=\dimen150
\Gm@layoutwidth=\dimen151
\Gm@layoutheight=\dimen152
\Gm@layouthoffset=\dimen153
\Gm@layoutvoffset=\dimen154
\Gm@dimlist=\toks18

(C:\Users\Ярослав\AppData\Roaming\MiKTeX\tex/latex/geometry\geometry.cfg))
(C:\Users\Ярослав\AppData\Roaming\MiKTeX\tex/latex/float\float.sty
Package: float 2001/11/08 v1.3d Float enhancements (AL)
\c@float@type=\count277
\float@exts=\toks19
\float@box=\box52
\@float@everytoks=\toks20
\@floatcapt=\box53
)
(C:\Users\Ярослав\AppData\Roaming\MiKTeX\tex/latex/nowidow\nowidow.sty
Package: nowidow 2011/09/20 1.0 Easily prevent widows and orphans
Package: nowidow 

(C:\Users\Ярослав\AppData\Roaming\MiKTeX\tex/latex/kvoptions\kvoptions.sty
Package: kvoptions 2022-06-15 v3.15 Key value format for package options (HO)

(C:\Users\Ярослав\AppData\Roaming\MiKTeX\tex/generic/ltxcmds\ltxcmds.sty
Package: ltxcmds 2023-12-04 v1.26 LaTeX kernel commands for general use (HO)
)
(C:\Users\Ярослав\AppData\Roaming\MiKTeX\tex/latex/kvsetkeys\kvsetkeys.sty
Package: kvsetkeys 2022-10-05 v1.19 Key value parser (HO)
)))
(xltabular.sty
Package: xltabular 2020/11/04 v0.2e `xltabular' package (hv,RN)
 (C:\Program Files\MiKTeX\tex/latex/tools\tabularx.sty
Package: tabularx 2023/07/08 v2.11c `tabularx' package (DPC)

(C:\Program Files\MiKTeX\tex/latex/tools\array.sty
Package: array 2023/10/16 v2.5g Tabular extension package (FMi)
\col@sep=\dimen155
\ar@mcellbox=\box54
\extrarowheight=\dimen156
\NC@list=\toks21
\extratabsurround=\skip50
\backup@length=\skip51
\ar@cellbox=\box55
)
\TX@col@width=\dimen157
\TX@old@table=\dimen158
\TX@old@col=\dimen159
\TX@target=\dimen160
\TX@delta=\dimen161
\TX@cols=\count278
\TX@ftn=\toks22
)
(C:\Users\Ярослав\AppData\Roaming\MiKTeX\tex/latex/ltablex\ltablex.sty
Package: ltablex 2014/08/13 v1.1 Modified tabularx

(C:\Program Files\MiKTeX\tex/latex/tools\longtable.sty
Package: longtable 2023-11-01 v4.19 Multi-page Table package (DPC)
\LTleft=\skip52
\LTright=\skip53
\LTpre=\skip54
\LTpost=\skip55
\LTchunksize=\count279
\LTcapwidth=\dimen162
\LT@head=\box56
\LT@firsthead=\box57
\LT@foot=\box58
\LT@lastfoot=\box59
\LT@gbox=\box60
\LT@cols=\count280
\LT@rows=\count281
\c@LT@tables=\count282
\c@LT@chunks=\count283
\LT@p@ftn=\toks23
)))
(C:\Users\Ярослав\AppData\Roaming\MiKTeX\tex/latex/makecell\makecell.sty
Package: makecell 2009/08/03 V0.1e Managing of Tab Column Heads and Cells
\rotheadsize=\dimen163
\c@nlinenum=\count284
\TeXr@lab=\toks24
)

Package array Warning: Redefining primitive column r on input line 44.

(C:\Program Files\MiKTeX\tex/latex/etoolbox\etoolbox.sty
Package: etoolbox 2020/10/05 v2.5k e-TeX tools for LaTeX (JAW)
\etb@tempcnta=\count285
)
(C:\Users\Ярослав\AppData\Roaming\MiKTeX\tex/latex/totcount\totcount.sty
Package: totcount 2011/01/25 v1.2 package for gettingthe total value of LaTeX c
ounters
)
\c@tablecnt=\count286
\c@tablecnt@totc=\count287
\c@figurecnt=\count288
\c@figurecnt@totc=\count289
\c@bibcnt=\count290
\c@bibcnt@totc=\count291
\c@imglistcnt=\count292
\c@imglistcnt@totc=\count293

(C:\Users\Ярослав\AppData\Roaming\MiKTeX\tex/latex/caption\caption.sty
Package: caption 2023/08/05 v3.6o Customizing captions (AR)

(C:\Users\Ярослав\AppData\Roaming\MiKTeX\tex/latex/caption\caption3.sty
Package: caption3 2023/07/31 v2.4d caption3 kernel (AR)
\caption@tempdima=\dimen164
\captionmargin=\dimen165
\caption@leftmargin=\dimen166
\caption@rightmargin=\dimen167
\caption@width=\dimen168
\caption@indent=\dimen169
\caption@parindent=\dimen170
\caption@hangindent=\dimen171
Package caption Info: Standard document class detected.
)
\c@caption@flags=\count294
\c@continuedfloat=\count295
Package caption Info: float package is loaded.
Package caption Info: longtable package is loaded.

(C:\Users\Ярослав\AppData\Roaming\MiKTeX\tex/latex/caption\ltcaption.sty
Package: ltcaption 2021/01/08 v1.4c longtable captions (AR)
))
(C:\Users\Ярослав\AppData\Roaming\MiKTeX\tex/latex/titlesec\titlesec.sty
Package: titlesec 2023/10/27 v2.16 Sectioning titles
\ttl@box=\box61
\beforetitleunit=\skip56
\aftertitleunit=\skip57
\ttl@plus=\dimen172
\ttl@minus=\dimen173
\ttl@toksa=\toks25
\titlewidth=\dimen174
\titlewidthlast=\dimen175
\titlewidthfirst=\dimen176
)
(C:\Users\Ярослав\AppData\Roaming\MiKTeX\tex/latex/enumitem\enumitem.sty
Package: enumitem 2019/06/20 v3.9 Customized lists
\labelindent=\skip58
\enit@outerparindent=\dimen177
\enit@toks=\toks26
\enit@inbox=\box62
\enit@count@id=\count296
\enitdp@description=\count297
)
(C:\Users\Ярослав\AppData\Roaming\MiKTeX\tex/latex/tocloft\tocloft.sty
Package: tocloft 2017/08/31 v2.3i parameterised ToC, etc., typesetting
Package tocloft Info: The document has section divisions on input line 51.
\cftparskip=\skip59
\cftbeforetoctitleskip=\skip60
\cftaftertoctitleskip=\skip61
\cftbeforepartskip=\skip62
\cftpartnumwidth=\skip63
\cftpartindent=\skip64
\cftbeforesecskip=\skip65
\cftsecindent=\skip66
\cftsecnumwidth=\skip67
\cftbeforesubsecskip=\skip68
\cftsubsecindent=\skip69
\cftsubsecnumwidth=\skip70
\cftbeforesubsubsecskip=\skip71
\cftsubsubsecindent=\skip72
\cftsubsubsecnumwidth=\skip73
\cftbeforeparaskip=\skip74
\cftparaindent=\skip75
\cftparanumwidth=\skip76
\cftbeforesubparaskip=\skip77
\cftsubparaindent=\skip78
\cftsubparanumwidth=\skip79
\cftbeforeloftitleskip=\skip80
\cftafterloftitleskip=\skip81
\cftbeforefigskip=\skip82
\cftfigindent=\skip83
\cftfignumwidth=\skip84
\c@lofdepth=\count298
\c@lotdepth=\count299
\cftbeforelottitleskip=\skip85
\cftafterlottitleskip=\skip86
\cftbeforetabskip=\skip87
\cfttabindent=\skip88
\cfttabnumwidth=\skip89
)
\saved@arstrutbox=\box63
\c@page@totc=\count300

(C:\Program Files\MiKTeX\tex/latex/hyperref\hyperref.sty
Package: hyperref 2023-11-26 v7.01g Hypertext links for LaTeX

(C:\Users\Ярослав\AppData\Roaming\MiKTeX\tex/generic/infwarerr\infwarerr.sty
Package: infwarerr 2019/12/03 v1.5 Providing info/warning/error messages (HO)
)
(C:\Users\Ярослав\AppData\Roaming\MiKTeX\tex/generic/kvdefinekeys\kvdefinekeys.
sty
Package: kvdefinekeys 2019-12-19 v1.6 Define keys (HO)
)
(C:\Users\Ярослав\AppData\Roaming\MiKTeX\tex/generic/pdfescape\pdfescape.sty
Package: pdfescape 2019/12/09 v1.15 Implements pdfTeX's escape features (HO)

(C:\Program Files\MiKTeX\tex/generic/pdftexcmds\pdftexcmds.sty
Package: pdftexcmds 2020-06-27 v0.33 Utility functions of pdfTeX for LuaTeX (HO
)
Package pdftexcmds Info: \pdf@primitive is available.
Package pdftexcmds Info: \pdf@ifprimitive is available.
Package pdftexcmds Info: \pdfdraftmode not found.
))
(C:\Users\Ярослав\AppData\Roaming\MiKTeX\tex/latex/hycolor\hycolor.sty
Package: hycolor 2020-01-27 v1.10 Color options for hyperref/bookmark (HO)
)
(C:\Users\Ярослав\AppData\Roaming\MiKTeX\tex/latex/letltxmacro\letltxmacro.sty
Package: letltxmacro 2019/12/03 v1.6 Let assignment for LaTeX macros (HO)
) (C:\Users\Ярослав\AppData\Roaming\MiKTeX\tex/latex/auxhook\auxhook.sty
Package: auxhook 2019-12-17 v1.6 Hooks for auxiliary files (HO)
)
(C:\Program Files\MiKTeX\tex/latex/hyperref\nameref.sty
Package: nameref 2023-11-26 v2.56 Cross-referencing by name of section

(C:\Users\Ярослав\AppData\Roaming\MiKTeX\tex/latex/refcount\refcount.sty
Package: refcount 2019/12/15 v3.6 Data extraction from label references (HO)
)
(C:\Users\Ярослав\AppData\Roaming\MiKTeX\tex/generic/gettitlestring\gettitlestr
ing.sty
Package: gettitlestring 2019/12/15 v1.6 Cleanup title references (HO)
)
\c@section@level=\count301
)
\@linkdim=\dimen178
\Hy@linkcounter=\count302
\Hy@pagecounter=\count303
 (C:\Program Files\MiKTeX\tex/latex/hyperref\pd1enc.def
File: pd1enc.def 2023-11-26 v7.01g Hyperref: PDFDocEncoding definition (HO)
)
(C:\Users\Ярослав\AppData\Roaming\MiKTeX\tex/generic/intcalc\intcalc.sty
Package: intcalc 2019/12/15 v1.3 Expandable calculations with integers (HO)
)
\Hy@SavedSpaceFactor=\count304

(C:\Program Files\MiKTeX\tex/latex/hyperref\puenc.def
File: puenc.def 2023-11-26 v7.01g Hyperref: PDF Unicode definition (HO)
)
Package hyperref Info: Option `unicode' set `true' on input line 3167.
Package hyperref Info: Hyper figures OFF on input line 4181.
Package hyperref Info: Link nesting OFF on input line 4186.
Package hyperref Info: Hyper index ON on input line 4189.
Package hyperref Info: Plain pages OFF on input line 4196.
Package hyperref Info: Backreferencing OFF on input line 4201.
Package hyperref Info: Implicit mode ON; LaTeX internals redefined.
Package hyperref Info: Bookmarks ON on input line 4448.
\c@Hy@tempcnt=\count305

(C:\Program Files\MiKTeX\tex/latex/url\url.sty
\Urlmuskip=\muskip16
Package: url 2013/09/16  ver 3.4  Verb mode for urls, etc.
)
LaTeX Info: Redefining \url on input line 4786.
\XeTeXLinkMargin=\dimen179

(C:\Users\Ярослав\AppData\Roaming\MiKTeX\tex/generic/bitset\bitset.sty
Package: bitset 2019/12/09 v1.3 Handle bit-vector datatype (HO)

(C:\Users\Ярослав\AppData\Roaming\MiKTeX\tex/generic/bigintcalc\bigintcalc.sty
Package: bigintcalc 2019/12/15 v1.5 Expandable calculations on big integers (HO
)
))
\Fld@menulength=\count306
\Field@Width=\dimen180
\Fld@charsize=\dimen181
Package hyperref Info: Hyper figures OFF on input line 6065.
Package hyperref Info: Link nesting OFF on input line 6070.
Package hyperref Info: Hyper index ON on input line 6073.
Package hyperref Info: backreferencing OFF on input line 6080.
Package hyperref Info: Link coloring OFF on input line 6085.
Package hyperref Info: Link coloring with OCG OFF on input line 6090.
Package hyperref Info: PDF/A mode OFF on input line 6095.
 (C:\Program Files\MiKTeX\tex/latex/base\atbegshi-ltx.sty
Package: atbegshi-ltx 2021/01/10 v1.0c Emulation of the original atbegshi
package with kernel methods
)
\Hy@abspage=\count307
\c@Item=\count308
\c@Hfootnote=\count309
)
Package hyperref Info: Driver (autodetected): hxetex.

(C:\Program Files\MiKTeX\tex/latex/hyperref\hxetex.def
File: hxetex.def 2023-11-26 v7.01g Hyperref driver for XeTeX

(C:\Users\Ярослав\AppData\Roaming\MiKTeX\tex/generic/stringenc\stringenc.sty
Package: stringenc 2019/11/29 v1.12 Convert strings between diff. encodings (HO
)
)
\pdfm@box=\box64
\c@Hy@AnnotLevel=\count310
\HyField@AnnotCount=\count311
\Fld@listcount=\count312
\c@bookmark@seq@number=\count313

(C:\Users\Ярослав\AppData\Roaming\MiKTeX\tex/latex/rerunfilecheck\rerunfilechec
k.sty
Package: rerunfilecheck 2022-07-10 v1.10 Rerun checks for auxiliary files (HO)
 (C:\Program Files\MiKTeX\tex/latex/base\atveryend-ltx.sty
Package: atveryend-ltx 2020/08/19 v1.0a Emulation of the original atveryend pac
kage
with kernel methods
)
(C:\Users\Ярослав\AppData\Roaming\MiKTeX\tex/generic/uniquecounter\uniquecounte
r.sty
Package: uniquecounter 2019/12/15 v1.4 Provide unlimited unique counter (HO)
)
Package uniquecounter Info: New unique counter `rerunfilecheck' on input line 2
85.
)
\Hy@SectionHShift=\skip90
) (C:\Program Files\MiKTeX\tex/latex/graphics\color.sty
Package: color 2022/01/06 v1.3d Standard LaTeX Color (DPC)

(C:\Program Files\MiKTeX\tex/latex/graphics-cfg\color.cfg
File: color.cfg 2016/01/02 v1.6 sample color configuration
)
Package color Info: Driver file: xetex.def on input line 149.

(C:\Program Files\MiKTeX\tex/latex/graphics\mathcolor.ltx))
(C:\Program Files\MiKTeX\tex/latex/listings\listings.sty
\lst@mode=\count314
\lst@gtempboxa=\box65
\lst@token=\toks27
\lst@length=\count315
\lst@currlwidth=\dimen182
\lst@column=\count316
\lst@pos=\count317
\lst@lostspace=\dimen183
\lst@width=\dimen184
\lst@newlines=\count318
\lst@lineno=\count319
\lst@maxwidth=\dimen185

(C:\Program Files\MiKTeX\tex/latex/listings\lstmisc.sty
File: lstmisc.sty 2023/02/27 1.9 (Carsten Heinz)
\c@lstnumber=\count320
\lst@skipnumbers=\count321
\lst@framebox=\box66
)
(C:\Program Files\MiKTeX\tex/latex/listings\listings.cfg
File: listings.cfg 2023/02/27 1.9 listings configuration
))
Package: listings 2023/02/27 1.9 (Carsten Heinz)

Package fontspec Info: Font family 'dejavu-sans-mono.ttf(0)' created for font
(fontspec)             'dejavu-sans-mono.ttf' with options
(fontspec)             [WordSpace={1,0,0},HyphenChar=None,PunctuationSpace=Word
Space,Scale=0.7].
(fontspec)              
(fontspec)              This font family consists of the following NFSS
(fontspec)             series/shapes:
(fontspec)              
(fontspec)             - 'normal' (m/n) with NFSS spec.:
(fontspec)             <->s*[0.7]"[dejavu-sans-mono.ttf]/OT:script=latn;languag
e=dflt;"
(fontspec)             - 'small caps'  (m/sc) with NFSS spec.: 
(fontspec)             and font adjustment code:
(fontspec)             \fontdimen 2\font =1\fontdimen 2\font \fontdimen 3\font
(fontspec)             =0\fontdimen 3\font \fontdimen 4\font =0\fontdimen
(fontspec)             4\font \fontdimen 7\font =0\fontdimen 2\font
(fontspec)             \tex_hyphenchar:D \font =-1\scan_stop: 


(C:\Program Files\MiKTeX\tex/latex/listings\lstlang1.sty
File: lstlang1.sty 2023/02/27 1.9 listings language file
)
(C:\Program Files\MiKTeX\tex/latex/listings\lstmisc.sty
File: lstmisc.sty 2023/02/27 1.9 (Carsten Heinz)
))
(C:\Users\Ярослав\AppData\Roaming\MiKTeX\tex/latex/adjustbox\adjustbox.sty
Package: adjustbox 2022/10/17 v1.3a Adjusting TeX boxes (trim, clip, ...)

(C:\Program Files\MiKTeX\tex/latex/xkeyval\xkeyval.sty
Package: xkeyval 2022/06/16 v2.9 package option processing (HA)

(C:\Program Files\MiKTeX\tex/generic/xkeyval\xkeyval.tex
(C:\Program Files\MiKTeX\tex/generic/xkeyval\xkvutils.tex
\XKV@toks=\toks28
\XKV@tempa@toks=\toks29
)
\XKV@depth=\count322
File: xkeyval.tex 2014/12/03 v2.7a key=value parser (HA)
))
(C:\Users\Ярослав\AppData\Roaming\MiKTeX\tex/latex/adjustbox\adjcalc.sty
Package: adjcalc 2012/05/16 v1.1 Provides advanced setlength with multiple back
-ends (calc, etex, pgfmath)
)
(C:\Users\Ярослав\AppData\Roaming\MiKTeX\tex/latex/adjustbox\trimclip.sty
Package: trimclip 2020/08/19 v1.2 Trim and clip general TeX material

(C:\Users\Ярослав\AppData\Roaming\MiKTeX\tex/latex/collectbox\collectbox.sty
Package: collectbox 2022/10/17 v0.4c Collect macro arguments as boxes
\collectedbox=\box67
)
\tc@llx=\dimen186
\tc@lly=\dimen187
\tc@urx=\dimen188
\tc@ury=\dimen189
Package trimclip Info: Using driver 'tc-xetex.def'.

(C:\Users\Ярослав\AppData\Roaming\MiKTeX\tex/latex/adjustbox\tc-xetex.def
File: tc-xetex.def 2019/01/04 v2.2 Clipping driver for xetex
))
\adjbox@Width=\dimen190
\adjbox@Height=\dimen191
\adjbox@Depth=\dimen192
\adjbox@Totalheight=\dimen193
\adjbox@pwidth=\dimen194
\adjbox@pheight=\dimen195
\adjbox@pdepth=\dimen196
\adjbox@ptotalheight=\dimen197

(C:\Users\Ярослав\AppData\Roaming\MiKTeX\tex/latex/ifoddpage\ifoddpage.sty
Package: ifoddpage 2022/10/18 v1.2 Conditionals for odd/even page detection
\c@checkoddpage=\count323
)
(C:\Users\Ярослав\AppData\Roaming\MiKTeX\tex/latex/varwidth\varwidth.sty
Package: varwidth 2009/03/30 ver 0.92;  Variable-width minipages
\@vwid@box=\box68
\sift@deathcycles=\count324
\@vwid@loff=\dimen198
\@vwid@roff=\dimen199
))
(main.aux)
\openout1 = `main.aux'.

LaTeX Font Info:    Checking defaults for OML/cmm/m/it on input line 16.
LaTeX Font Info:    ... okay on input line 16.
LaTeX Font Info:    Checking defaults for OMS/cmsy/m/n on input line 16.
LaTeX Font Info:    ... okay on input line 16.
LaTeX Font Info:    Checking defaults for OT1/cmr/m/n on input line 16.
LaTeX Font Info:    ... okay on input line 16.
LaTeX Font Info:    Checking defaults for T1/cmr/m/n on input line 16.
LaTeX Font Info:    ... okay on input line 16.
LaTeX Font Info:    Checking defaults for TS1/cmr/m/n on input line 16.
LaTeX Font Info:    Trying to load font information for TS1+cmr on input line 1
6.
 (C:\Program Files\MiKTeX\tex/latex/base\ts1cmr.fd
File: ts1cmr.fd 2023/04/13 v2.5m Standard LaTeX font definitions
)
LaTeX Font Info:    ... okay on input line 16.
LaTeX Font Info:    Checking defaults for TU/lmr/m/n on input line 16.
LaTeX Font Info:    ... okay on input line 16.
LaTeX Font Info:    Checking defaults for OMX/cmex/m/n on input line 16.
LaTeX Font Info:    ... okay on input line 16.
LaTeX Font Info:    Checking defaults for U/cmr/m/n on input line 16.
LaTeX Font Info:    ... okay on input line 16.
LaTeX Font Info:    Checking defaults for PD1/pdf/m/n on input line 16.
LaTeX Font Info:    ... okay on input line 16.
LaTeX Font Info:    Checking defaults for PU/pdf/m/n on input line 16.
LaTeX Font Info:    ... okay on input line 16.
LaTeX Info: Redefining \th on input line 16.

Package fontspec Info: Adjusting the maths setup (use [no-math] to avoid
(fontspec)             this).

\symlegacymaths=\mathgroup4
LaTeX Font Info:    Overwriting symbol font `legacymaths' in version `bold'
(Font)                  OT1/cmr/m/n --> OT1/cmr/bx/n on input line 16.
LaTeX Font Info:    Redeclaring math accent \acute on input line 16.
LaTeX Font Info:    Redeclaring math accent \grave on input line 16.
LaTeX Font Info:    Redeclaring math accent \ddot on input line 16.
LaTeX Font Info:    Redeclaring math accent \tilde on input line 16.
LaTeX Font Info:    Redeclaring math accent \bar on input line 16.
LaTeX Font Info:    Redeclaring math accent \breve on input line 16.
LaTeX Font Info:    Redeclaring math accent \check on input line 16.
LaTeX Font Info:    Redeclaring math accent \hat on input line 16.
LaTeX Font Info:    Redeclaring math accent \dot on input line 16.
LaTeX Font Info:    Redeclaring math accent \mathring on input line 16.
LaTeX Font Info:    Redeclaring math symbol \colon on input line 16.
LaTeX Font Info:    Redeclaring math symbol \Gamma on input line 16.
LaTeX Font Info:    Redeclaring math symbol \Delta on input line 16.
LaTeX Font Info:    Redeclaring math symbol \Theta on input line 16.
LaTeX Font Info:    Redeclaring math symbol \Lambda on input line 16.
LaTeX Font Info:    Redeclaring math symbol \Xi on input line 16.
LaTeX Font Info:    Redeclaring math symbol \Pi on input line 16.
LaTeX Font Info:    Redeclaring math symbol \Sigma on input line 16.
LaTeX Font Info:    Redeclaring math symbol \Upsilon on input line 16.
LaTeX Font Info:    Redeclaring math symbol \Phi on input line 16.
LaTeX Font Info:    Redeclaring math symbol \Psi on input line 16.
LaTeX Font Info:    Redeclaring math symbol \Omega on input line 16.
LaTeX Font Info:    Redeclaring math symbol \mathdollar on input line 16.
LaTeX Font Info:    Redeclaring symbol font `operators' on input line 16.
LaTeX Font Info:    Encoding `OT1' has changed to `TU' for symbol font
(Font)              `operators' in the math version `normal' on input line 16.
LaTeX Font Info:    Overwriting symbol font `operators' in version `normal'
(Font)                  OT1/cmr/m/n --> TU/TimesNewRoman(0)/m/n on input line 1
6.
LaTeX Font Info:    Encoding `OT1' has changed to `TU' for symbol font
(Font)              `operators' in the math version `bold' on input line 16.
LaTeX Font Info:    Overwriting symbol font `operators' in version `bold'
(Font)                  OT1/cmr/bx/n --> TU/TimesNewRoman(0)/m/n on input line 
16.
LaTeX Font Info:    Overwriting symbol font `operators' in version `normal'
(Font)                  TU/TimesNewRoman(0)/m/n --> TU/TimesNewRoman(0)/m/n on 
input line 16.
LaTeX Font Info:    Overwriting math alphabet `\mathit' in version `normal'
(Font)                  OT1/cmr/m/it --> TU/TimesNewRoman(0)/m/it on input line
 16.
LaTeX Font Info:    Overwriting math alphabet `\mathbf' in version `normal'
(Font)                  OT1/cmr/bx/n --> TU/TimesNewRoman(0)/b/n on input line 
16.
LaTeX Font Info:    Overwriting math alphabet `\mathsf' in version `normal'
(Font)                  OT1/cmss/m/n --> TU/lmss/m/n on input line 16.
LaTeX Font Info:    Overwriting math alphabet `\mathtt' in version `normal'
(Font)                  OT1/cmtt/m/n --> TU/dejavu-sans-mono.ttf(0)/m/n on inpu
t line 16.
LaTeX Font Info:    Overwriting symbol font `operators' in version `bold'
(Font)                  TU/TimesNewRoman(0)/m/n --> TU/TimesNewRoman(0)/b/n on 
input line 16.
LaTeX Font Info:    Overwriting math alphabet `\mathit' in version `bold'
(Font)                  OT1/cmr/bx/it --> TU/TimesNewRoman(0)/b/it on input lin
e 16.
LaTeX Font Info:    Overwriting math alphabet `\mathsf' in version `bold'
(Font)                  OT1/cmss/bx/n --> TU/lmss/b/n on input line 16.
LaTeX Font Info:    Overwriting math alphabet `\mathtt' in version `bold'
(Font)                  OT1/cmtt/m/n --> TU/dejavu-sans-mono.ttf(0)/b/n on inpu
t line 16.

*geometry* driver: auto-detecting
*geometry* detected driver: xetex
*geometry* verbose mode - [ preamble ] result:
* driver: xetex
* paper: a4paper
* layout: <same size as paper>
* layoutoffset:(h,v)=(0.0pt,0.0pt)
* modes: 
* h-part:(L,W,R)=(85.35826pt, 469.47049pt, 42.67912pt)
* v-part:(T,H,B)=(56.9055pt, 731.23584pt, 56.9055pt)
* \paperwidth=597.50787pt
* \paperheight=845.04684pt
* \textwidth=469.47049pt
* \textheight=731.23584pt
* \oddsidemargin=13.08827pt
* \evensidemargin=13.08827pt
* \topmargin=-54.36449pt
* \headheight=14.0pt
* \headsep=25.0pt
* \topskip=14.0pt
* \footskip=30.0pt
* \marginparwidth=15.0pt
* \marginparsep=10.0pt
* \columnsep=10.0pt
* \skip\footins=12.0pt plus 4.0pt minus 2.0pt
* \hoffset=0.0pt
* \voffset=0.0pt
* \mag=1000
* \@twocolumnfalse
* \@twosidefalse
* \@mparswitchfalse
* \@reversemarginfalse
* (1in=72.27pt=25.4mm, 1cm=28.453pt)

Package caption Info: Begin \AtBeginDocument code.
Package caption Info: hyperref package is loaded.
Package caption Info: listings package is loaded.
Package caption Info: End \AtBeginDocument code.
Package hyperref Info: Link coloring OFF on input line 16.
(main.out) (main.out)
\@outlinefile=\write3
\openout3 = `main.out'.

\c@lstlisting=\count325
 (ТитульныйЛистПрактика.tex
LaTeX Font Info:    External font `cmex10' loaded for size
(Font)              <14.4> on input line 16.
LaTeX Font Info:    External font `cmex10' loaded for size
(Font)              <7> on input line 16.
LaTeX Font Info:    External font `cmex10' loaded for size
(Font)              <5> on input line 22.
) (Содержание.tex [1

] (main.toc
Overfull \hbox (7.2pt too wide) detected at line 3
\TU/TimesNewRoman(0)/m/n/14.4 1 
 []


Overfull \hbox (18.0pt too wide) detected at line 4
\TU/TimesNewRoman(0)/m/n/14.4 1.1 
 []


Overfull \hbox (18.0pt too wide) detected at line 5
\TU/TimesNewRoman(0)/m/n/14.4 1.2 
 []


Overfull \hbox (18.0pt too wide) detected at line 6
\TU/TimesNewRoman(0)/m/n/14.4 1.3 
 []


Overfull \hbox (18.0pt too wide) detected at line 7
\TU/TimesNewRoman(0)/m/n/14.4 1.4 
 []


Overfull \hbox (7.2pt too wide) detected at line 8
\TU/TimesNewRoman(0)/m/n/14.4 2 
 []


Overfull \hbox (18.0pt too wide) detected at line 9
\TU/TimesNewRoman(0)/m/n/14.4 2.1 
 []


Overfull \hbox (18.0pt too wide) detected at line 10
\TU/TimesNewRoman(0)/m/n/14.4 2.2 
 []


Overfull \hbox (18.0pt too wide) detected at line 11
\TU/TimesNewRoman(0)/m/n/14.4 2.3 
 []


Overfull \hbox (28.79999pt too wide) detected at line 12
\TU/TimesNewRoman(0)/m/n/14.4 2.3.1 
 []


Overfull \hbox (28.79999pt too wide) detected at line 13
\TU/TimesNewRoman(0)/m/n/14.4 2.3.2 
 []


Overfull \hbox (28.79999pt too wide) detected at line 14
\TU/TimesNewRoman(0)/m/n/14.4 2.3.3 
 []


Overfull \hbox (28.79999pt too wide) detected at line 15
\TU/TimesNewRoman(0)/m/n/14.4 2.3.4 
 []


Overfull \hbox (39.59999pt too wide) detected at line 16
\TU/TimesNewRoman(0)/m/n/14.4 2.3.4.1 
 []


Overfull \hbox (39.59999pt too wide) detected at line 17
\TU/TimesNewRoman(0)/m/n/14.4 2.3.4.2 
 []


Overfull \hbox (39.59999pt too wide) detected at line 18
\TU/TimesNewRoman(0)/m/n/14.4 2.3.4.3 
 []


Overfull \hbox (39.59999pt too wide) detected at line 19
\TU/TimesNewRoman(0)/m/n/14.4 2.3.4.4 
 []


Overfull \hbox (39.59999pt too wide) detected at line 20
\TU/TimesNewRoman(0)/m/n/14.4 2.3.4.5 
 []


Overfull \hbox (39.59999pt too wide) detected at line 21
\TU/TimesNewRoman(0)/m/n/14.4 2.3.4.6 
 []


Overfull \hbox (39.59999pt too wide) detected at line 22
\TU/TimesNewRoman(0)/m/n/14.4 2.3.4.7 
 []


Overfull \hbox (39.59999pt too wide) detected at line 23
\TU/TimesNewRoman(0)/m/n/14.4 2.3.4.8 
 []


Overfull \hbox (39.59999pt too wide) detected at line 24
\TU/TimesNewRoman(0)/m/n/14.4 2.3.4.9 
 []


Overfull \hbox (46.79999pt too wide) detected at line 25
\TU/TimesNewRoman(0)/m/n/14.4 2.3.4.10 
 []


Overfull \hbox (46.26561pt too wide) detected at line 26
\TU/TimesNewRoman(0)/m/n/14.4 2.3.4.11 
 []


Overfull \hbox (46.79999pt too wide) detected at line 27
\TU/TimesNewRoman(0)/m/n/14.4 2.3.4.12 
 []


Overfull \hbox (18.0pt too wide) detected at line 28
\TU/TimesNewRoman(0)/m/n/14.4 2.4 
 []


Overfull \hbox (28.79999pt too wide) detected at line 29
\TU/TimesNewRoman(0)/m/n/14.4 2.4.1 
 []


Overfull \hbox (28.79999pt too wide) detected at line 30
\TU/TimesNewRoman(0)/m/n/14.4 2.4.2 
 []


Overfull \hbox (28.79999pt too wide) detected at line 31
\TU/TimesNewRoman(0)/m/n/14.4 2.4.3 
 []

[2

]
Overfull \hbox (7.2pt too wide) detected at line 32
\TU/TimesNewRoman(0)/m/n/14.4 3 
 []


Overfull \hbox (18.0pt too wide) detected at line 33
\TU/TimesNewRoman(0)/m/n/14.4 3.1 
 []


Overfull \hbox (18.0pt too wide) detected at line 34
\TU/TimesNewRoman(0)/m/n/14.4 3.2 
 []


Overfull \hbox (28.79999pt too wide) detected at line 35
\TU/TimesNewRoman(0)/m/n/14.4 3.2.1 
 []


Overfull \hbox (39.59999pt too wide) detected at line 36
\TU/TimesNewRoman(0)/m/n/14.4 3.2.1.1 
 []


Overfull \hbox (39.59999pt too wide) detected at line 37
\TU/TimesNewRoman(0)/m/n/14.4 3.2.1.2 
 []


Overfull \hbox (18.0pt too wide) detected at line 38
\TU/TimesNewRoman(0)/m/n/14.4 3.3 
 []


Overfull \hbox (28.79999pt too wide) detected at line 39
\TU/TimesNewRoman(0)/m/n/14.4 3.3.1 
 []


Overfull \hbox (18.0pt too wide) detected at line 40
\TU/TimesNewRoman(0)/m/n/14.4 3.4 
 []

)
\tf@toc=\write4
\openout4 = `main.toc'.

) (Обозначения.tex [3]) (Введение.tex [4

] [5

]
\c=\count326
\last=\count327
\pnul=\count328

Underfull \hbox (badness 1946) in paragraph at lines 24--25
[]\TU/TimesNewRoman(0)/m/it/14.4 В первом разделе \TU/TimesNewRoman(0)/m/n/14.4
 на стадии описания технической характеристи-
 []

) (Анализ.tex [6] [7]
Underfull \hbox (badness 1314) in paragraph at lines 4--5
\TU/TimesNewRoman(0)/m/n/14.4 информационными системами, компьютерными сетями и
 серверами без
 []


Underfull \hbox (badness 2126) in paragraph at lines 16--17
[]\TU/TimesNewRoman(0)/m/n/14.4 В основе удаленного администрирования лежат фун
даментальные
 []

[8

] [9]
Underfull \hbox (badness 1248) in paragraph at lines 36--37
[]\TU/TimesNewRoman(0)/b/n/14.4 Управление пользователями и группами: \TU/Times
NewRoman(0)/m/n/14.4 Администратор может
 []

[10]
Underfull \hbox (badness 6236) in paragraph at lines 52--53
\TU/TimesNewRoman(0)/m/n/14.4 роко используются системы управления конфигурацие
й (Configuration
 []

[11]) (ТехЗадание.tex [12]
Underfull \hbox (badness 1052) in paragraph at lines 4--5
[]\TU/TimesNewRoman(0)/m/n/14.4 Основанием для разработки программно-информацио
нной системы
 []

File: images/Диаграмма действия.eps Graphic file (type eps)
<images/Диаграмма действия.eps>
[13

]
Underfull \hbox (badness 10000) in paragraph at lines 47--50
[]\TU/TimesNewRoman(0)/m/n/14.4 На основании анализа предметной области в разра
батываемой
 []


Underfull \hbox (badness 10000) in paragraph at lines 47--50
\TU/TimesNewRoman(0)/m/n/14.4 программно-информационной системе удаленного адми
нистрирования
 []

[14]
File: images/Диаграмма прецедентов.eps Graphic file (type eps)
<images/Диаграмма прецедентов.eps>
 [15] [16]
File: images/Макет окна(консоль).png Graphic file (type bmp)
<images/Макет окна(консоль).png>
File: images/Макет окна(файлы).png Graphic file (type bmp)
<images/Макет окна(файлы).png>
 [17] [18] [19] [20]) (ТехПроект.tex [21] [22]
Underfull \hbox (badness 10000) in paragraph at lines 5--6
[]\TU/TimesNewRoman(0)/m/n/14.4 Необходимо спроектировать и разработать програм
мно-
 []

[23

]
Underfull \hbox (badness 3386) in paragraph at lines 24--25
[]\TU/TimesNewRoman(0)/m/n/14.4 Привычный пользовательский интерфейс: WinForms 
предлагает
 []

[24] [25]
Underfull \hbox (badness 1270) in paragraph at lines 62--63
\TU/TimesNewRoman(0)/m/n/14.4 различных платформах и устройствах. Это обеспечив
ает совместимость
 []

File: images/Диаграмма классов.png Graphic file (type bmp)
<images/Диаграмма классов.png>
[26]
File: images/Окно с консолью.png Graphic file (type bmp)
<images/Окно с консолью.png>
 [27]
File: images/Окно с файлами.png Graphic file (type bmp)
<images/Окно с файлами.png>
 [28]) (СписокИсточников.tex [29]
Underfull \hbox (badness 2662) in paragraph at lines 13--14
[]\TU/TimesNewRoman(0)/m/n/14.4 Фаулер, М. Рефакторинг: Улучшение существующего
 кода./ М.
 []


Underfull \hbox (badness 3219) in paragraph at lines 19--20
[]\TU/TimesNewRoman(0)/m/n/14.4 Гамма, Э. Приемы объектно-ориентированного прое
ктирования.
 []


Underfull \hbox (badness 10000) in paragraph at lines 25--26
[]\TU/TimesNewRoman(0)/m/n/14.4 Комаровский, В. Сокеты программирование в приме
рах./ В.
 []


Underfull \hbox (badness 5077) in paragraph at lines 25--26
\TU/TimesNewRoman(0)/m/n/14.4 Комаровский.– М.: Издательский дом «Питер», 2019.
– 432 с.– ISBN
 []

)

Package caption Warning: Unused \captionsetup[table] on input line 84.
See the caption package documentation for explanation.

[30

] (main.aux)
 ***********
LaTeX2e <2023-11-01> patch level 1
L3 programming layer <2024-01-04>
 ***********
Package rerunfilecheck Info: File `main.out' has not changed.
(rerunfilecheck)             Checksum: BA7FD12FBD33D54739F3863164AEB9A2;12853.
 ) 
Here is how much of TeX's memory you used:
 18005 strings out of 409616
 343024 string characters out of 5778255
 1933191 words of memory out of 5000000
 39834 multiletter control sequences out of 15000+600000
 559550 words of font info for 66 fonts, out of 8000000 for 9000
 1348 hyphenation exceptions out of 8191
 84i,11n,96p,905b,494s stack positions out of 10000i,1000n,20000p,200000b,200000s

Output written on main.pdf (30 pages).
